<?xml version="1.0" encoding="UTF-8"?>
<!-- Generated by org.testng.reporters.JUnitReportReporter -->
<testsuite skipped="0" hostname="jop55-dt" name="com.dbmi.somaWebd.SOMA_ManagePayment" tests="1" failures="0" timestamp="02 Oct 2017 19:14:47 GMT" time="25.654" errors="0">
  <testcase name="testManagePayment" time="25.654" classname="com.dbmi.somaWebd.SOMA_ManagePayment"/>
</testsuite> <!-- com.dbmi.somaWebd.SOMA_ManagePayment -->
