<?xml version="1.0" encoding="UTF-8"?>
<!-- Generated by org.testng.reporters.JUnitReportReporter -->
<testsuite skipped="0" hostname="jop55-dt" name="com.dbmi.somaWebd.SOMA_FillRecom" tests="1" failures="0" timestamp="31 Oct 2017 18:36:34 GMT" time="60.399" errors="0">
  <testcase name="testFillRecom" time="60.399" classname="com.dbmi.somaWebd.SOMA_FillRecom"/>
</testsuite> <!-- com.dbmi.somaWebd.SOMA_FillRecom -->
