<?xml version="1.0" encoding="UTF-8"?>
<!-- Generated by org.testng.reporters.JUnitReportReporter -->
<testsuite skipped="0" hostname="jop55-dt" name="com.dbmi.somaWebd.SOMA_ManageGPA" tests="1" failures="0" timestamp="02 Oct 2017 19:14:47 GMT" time="28.544" errors="0">
  <testcase name="testManageGPA" time="28.544" classname="com.dbmi.somaWebd.SOMA_ManageGPA"/>
</testsuite> <!-- com.dbmi.somaWebd.SOMA_ManageGPA -->
