<?xml version="1.0" encoding="UTF-8"?>
<!-- Generated by org.testng.reporters.JUnitReportReporter -->
<testsuite skipped="0" hostname="jop55-dt" name="com.dbmi.somaWebd.SOMA_Recommenders" tests="1" failures="0" timestamp="30 Oct 2017 19:13:51 GMT" time="17.787" errors="0">
  <testcase name="testRecommenders" time="17.787" classname="com.dbmi.somaWebd.SOMA_Recommenders"/>
</testsuite> <!-- com.dbmi.somaWebd.SOMA_Recommenders -->
