<?xml version="1.0" encoding="UTF-8"?>
<!-- Generated by org.testng.reporters.JUnitReportReporter -->
<testsuite hostname="jop55-dt" name="com.dbmi.somaWebd.Soma_Login" tests="1" failures="0" timestamp="30 Jun 2017 14:00:42 GMT" time="3.560" errors="0">
  <testcase name="testActLogin" time="3.560" classname="com.dbmi.somaWebd.Soma_Login"/>
</testsuite> <!-- com.dbmi.somaWebd.Soma_Login -->
