<?xml version="1.0" encoding="UTF-8"?>
<!-- Generated by org.testng.reporters.JUnitReportReporter -->
<testsuite skipped="0" hostname="jop55-dt" name="com.dbmi.somaWebd.SOMA_Contact" tests="1" failures="0" timestamp="30 Oct 2017 19:13:51 GMT" time="16.753" errors="0">
  <testcase name="testContact" time="16.753" classname="com.dbmi.somaWebd.SOMA_Contact"/>
</testsuite> <!-- com.dbmi.somaWebd.SOMA_Contact -->
