<?xml version="1.0" encoding="UTF-8"?>
<!-- Generated by org.testng.reporters.JUnitReportReporter -->
<testsuite skipped="0" hostname="jop55-dt" name="com.dbmi.somaWebd.SOMA_Employment" tests="1" failures="0" timestamp="30 Oct 2017 19:13:51 GMT" time="15.350" errors="0">
  <testcase name="testEmployment" time="15.350" classname="com.dbmi.somaWebd.SOMA_Employment"/>
</testsuite> <!-- com.dbmi.somaWebd.SOMA_Employment -->
